<?xml version="1.0" encoding="UTF-8"?>
<coverage generated="1782559923559" clover="3.2.0">
  <project timestamp="1782559923560" name="All files">
    <metrics statements="58" coveredstatements="58" conditionals="42" coveredconditionals="42" methods="16" coveredmethods="16" elements="116" coveredelements="116" complexity="0" loc="58" ncloc="58" packages="1" files="3" classes="3"/>
    <file name="DeviceHandlers.js" path="/home/abood/Project/LinkHub_/src/main/infrastructure/ipc/DeviceHandlers.js">
      <metrics statements="28" coveredstatements="28" conditionals="20" coveredconditionals="20" methods="8" coveredmethods="8"/>
      <line num="16" count="50" type="cond" truecount="2" falsecount="0"/>
      <line num="17" count="2" type="stmt"/>
      <line num="19" count="48" type="stmt"/>
      <line num="26" count="44" type="cond" truecount="4" falsecount="0"/>
      <line num="27" count="2" type="stmt"/>
      <line num="31" count="42" type="stmt"/>
      <line num="32" count="5" type="stmt"/>
      <line num="36" count="42" type="stmt"/>
      <line num="37" count="6" type="cond" truecount="2" falsecount="0"/>
      <line num="38" count="3" type="stmt"/>
      <line num="40" count="3" type="stmt"/>
      <line num="44" count="42" type="stmt"/>
      <line num="45" count="5" type="cond" truecount="4" falsecount="0"/>
      <line num="46" count="3" type="stmt"/>
      <line num="48" count="2" type="stmt"/>
      <line num="52" count="42" type="cond" truecount="1" falsecount="0"/>
      <line num="53" count="8" type="cond" truecount="2" falsecount="0"/>
      <line num="54" count="2" type="stmt"/>
      <line num="56" count="6" type="stmt"/>
      <line num="60" count="42" type="cond" truecount="1" falsecount="0"/>
      <line num="61" count="7" type="cond" truecount="2" falsecount="0"/>
      <line num="62" count="2" type="stmt"/>
      <line num="64" count="5" type="stmt"/>
      <line num="68" count="42" type="stmt"/>
      <line num="69" count="4" type="cond" truecount="2" falsecount="0"/>
      <line num="70" count="2" type="stmt"/>
      <line num="72" count="2" type="stmt"/>
      <line num="77" count="3" type="stmt"/>
    </file>
    <file name="DownloadHandlers.js" path="/home/abood/Project/LinkHub_/src/main/infrastructure/ipc/DownloadHandlers.js">
      <metrics statements="20" coveredstatements="20" conditionals="18" coveredconditionals="18" methods="7" coveredmethods="7"/>
      <line num="11" count="47" type="cond" truecount="2" falsecount="0"/>
      <line num="12" count="2" type="stmt"/>
      <line num="14" count="45" type="stmt"/>
      <line num="18" count="41" type="cond" truecount="4" falsecount="0"/>
      <line num="19" count="2" type="stmt"/>
      <line num="22" count="39" type="stmt"/>
      <line num="23" count="9" type="cond" truecount="2" falsecount="0"/>
      <line num="24" count="6" type="stmt"/>
      <line num="27" count="39" type="cond" truecount="2" falsecount="0"/>
      <line num="28" count="8" type="cond" truecount="4" falsecount="0"/>
      <line num="29" count="5" type="stmt"/>
      <line num="33" count="39" type="stmt"/>
      <line num="34" count="7" type="cond" truecount="2" falsecount="0"/>
      <line num="35" count="4" type="stmt"/>
      <line num="38" count="39" type="stmt"/>
      <line num="39" count="4" type="cond" truecount="2" falsecount="0"/>
      <line num="40" count="2" type="stmt"/>
      <line num="44" count="39" type="stmt"/>
      <line num="45" count="2" type="stmt"/>
      <line num="50" count="3" type="stmt"/>
    </file>
    <file name="index.js" path="/home/abood/Project/LinkHub_/src/main/infrastructure/ipc/index.js">
      <metrics statements="10" coveredstatements="10" conditionals="4" coveredconditionals="4" methods="1" coveredmethods="1"/>
      <line num="3" count="2" type="stmt"/>
      <line num="4" count="2" type="stmt"/>
      <line num="5" count="2" type="stmt"/>
      <line num="16" count="23" type="cond" truecount="4" falsecount="0"/>
      <line num="17" count="8" type="stmt"/>
      <line num="20" count="15" type="stmt"/>
      <line num="21" count="15" type="stmt"/>
      <line num="23" count="15" type="stmt"/>
      <line num="24" count="15" type="stmt"/>
      <line num="27" count="2" type="stmt"/>
    </file>
  </project>
</coverage>
