{"/home/abood/Project/LinkHub_/src/main/infrastructure/ipc/DeviceHandlers.js": {"path":"/home/abood/Project/LinkHub_/src/main/infrastructure/ipc/DeviceHandlers.js","statementMap":{"0":{"start":{"line":16,"column":8},"end":{"line":18,"column":9}},"1":{"start":{"line":17,"column":12},"end":{"line":17,"column":81}},"2":{"start":{"line":19,"column":8},"end":{"line":19,"column":54}},"3":{"start":{"line":26,"column":8},"end":{"line":28,"column":9}},"4":{"start":{"line":27,"column":12},"end":{"line":27,"column":63}},"5":{"start":{"line":31,"column":8},"end":{"line":33,"column":11}},"6":{"start":{"line":32,"column":12},"end":{"line":32,"column":60}},"7":{"start":{"line":36,"column":8},"end":{"line":41,"column":11}},"8":{"start":{"line":37,"column":12},"end":{"line":39,"column":13}},"9":{"start":{"line":38,"column":16},"end":{"line":38,"column":56}},"10":{"start":{"line":40,"column":12},"end":{"line":40,"column":64}},"11":{"start":{"line":44,"column":8},"end":{"line":49,"column":11}},"12":{"start":{"line":45,"column":12},"end":{"line":47,"column":13}},"13":{"start":{"line":46,"column":16},"end":{"line":46,"column":69}},"14":{"start":{"line":48,"column":12},"end":{"line":48,"column":74}},"15":{"start":{"line":52,"column":8},"end":{"line":57,"column":11}},"16":{"start":{"line":53,"column":12},"end":{"line":55,"column":13}},"17":{"start":{"line":54,"column":16},"end":{"line":54,"column":80}},"18":{"start":{"line":56,"column":12},"end":{"line":56,"column":80}},"19":{"start":{"line":60,"column":8},"end":{"line":65,"column":11}},"20":{"start":{"line":61,"column":12},"end":{"line":63,"column":13}},"21":{"start":{"line":62,"column":16},"end":{"line":62,"column":56}},"22":{"start":{"line":64,"column":12},"end":{"line":64,"column":78}},"23":{"start":{"line":68,"column":8},"end":{"line":73,"column":11}},"24":{"start":{"line":69,"column":12},"end":{"line":71,"column":13}},"25":{"start":{"line":70,"column":16},"end":{"line":70,"column":56}},"26":{"start":{"line":72,"column":12},"end":{"line":72,"column":68}},"27":{"start":{"line":77,"column":0},"end":{"line":77,"column":32}}},"fnMap":{"0":{"name":"(anonymous_0)","decl":{"start":{"line":15,"column":4},"end":{"line":15,"column":5}},"loc":{"start":{"line":15,"column":36},"end":{"line":20,"column":5}},"line":15},"1":{"name":"(anonymous_1)","decl":{"start":{"line":25,"column":4},"end":{"line":25,"column":5}},"loc":{"start":{"line":25,"column":22},"end":{"line":74,"column":5}},"line":25},"2":{"name":"(anonymous_2)","decl":{"start":{"line":31,"column":38},"end":{"line":31,"column":39}},"loc":{"start":{"line":31,"column":50},"end":{"line":33,"column":9}},"line":31},"3":{"name":"(anonymous_3)","decl":{"start":{"line":36,"column":37},"end":{"line":36,"column":38}},"loc":{"start":{"line":36,"column":64},"end":{"line":41,"column":9}},"line":36},"4":{"name":"(anonymous_4)","decl":{"start":{"line":44,"column":38},"end":{"line":44,"column":39}},"loc":{"start":{"line":44,"column":74},"end":{"line":49,"column":9}},"line":44},"5":{"name":"(anonymous_5)","decl":{"start":{"line":52,"column":41},"end":{"line":52,"column":42}},"loc":{"start":{"line":52,"column":87},"end":{"line":57,"column":9}},"line":52},"6":{"name":"(anonymous_6)","decl":{"start":{"line":60,"column":46},"end":{"line":60,"column":47}},"loc":{"start":{"line":60,"column":87},"end":{"line":65,"column":9}},"line":60},"7":{"name":"(anonymous_7)","decl":{"start":{"line":68,"column":45},"end":{"line":68,"column":46}},"loc":{"start":{"line":68,"column":72},"end":{"line":73,"column":9}},"line":68}},"branchMap":{"0":{"loc":{"start":{"line":16,"column":8},"end":{"line":18,"column":9}},"type":"if","locations":[{"start":{"line":16,"column":8},"end":{"line":18,"column":9}},{"start":{},"end":{}}],"line":16},"1":{"loc":{"start":{"line":26,"column":8},"end":{"line":28,"column":9}},"type":"if","locations":[{"start":{"line":26,"column":8},"end":{"line":28,"column":9}},{"start":{},"end":{}}],"line":26},"2":{"loc":{"start":{"line":26,"column":12},"end":{"line":26,"column":60}},"type":"binary-expr","locations":[{"start":{"line":26,"column":12},"end":{"line":26,"column":20}},{"start":{"line":26,"column":24},"end":{"line":26,"column":60}}],"line":26},"3":{"loc":{"start":{"line":37,"column":12},"end":{"line":39,"column":13}},"type":"if","locations":[{"start":{"line":37,"column":12},"end":{"line":39,"column":13}},{"start":{},"end":{}}],"line":37},"4":{"loc":{"start":{"line":45,"column":12},"end":{"line":47,"column":13}},"type":"if","locations":[{"start":{"line":45,"column":12},"end":{"line":47,"column":13}},{"start":{},"end":{}}],"line":45},"5":{"loc":{"start":{"line":45,"column":16},"end":{"line":45,"column":37}},"type":"binary-expr","locations":[{"start":{"line":45,"column":16},"end":{"line":45,"column":21}},{"start":{"line":45,"column":25},"end":{"line":45,"column":37}}],"line":45},"6":{"loc":{"start":{"line":52,"column":63},"end":{"line":52,"column":82}},"type":"default-arg","locations":[{"start":{"line":52,"column":78},"end":{"line":52,"column":82}}],"line":52},"7":{"loc":{"start":{"line":53,"column":12},"end":{"line":55,"column":13}},"type":"if","locations":[{"start":{"line":53,"column":12},"end":{"line":55,"column":13}},{"start":{},"end":{}}],"line":53},"8":{"loc":{"start":{"line":60,"column":70},"end":{"line":60,"column":82}},"type":"default-arg","locations":[{"start":{"line":60,"column":80},"end":{"line":60,"column":82}}],"line":60},"9":{"loc":{"start":{"line":61,"column":12},"end":{"line":63,"column":13}},"type":"if","locations":[{"start":{"line":61,"column":12},"end":{"line":63,"column":13}},{"start":{},"end":{}}],"line":61},"10":{"loc":{"start":{"line":69,"column":12},"end":{"line":71,"column":13}},"type":"if","locations":[{"start":{"line":69,"column":12},"end":{"line":71,"column":13}},{"start":{},"end":{}}],"line":69}},"s":{"0":50,"1":2,"2":48,"3":44,"4":2,"5":42,"6":5,"7":42,"8":6,"9":3,"10":3,"11":42,"12":5,"13":3,"14":2,"15":42,"16":8,"17":2,"18":6,"19":42,"20":7,"21":2,"22":5,"23":42,"24":4,"25":2,"26":2,"27":3},"f":{"0":50,"1":44,"2":5,"3":6,"4":5,"5":8,"6":7,"7":4},"b":{"0":[2,48],"1":[2,42],"2":[44,43],"3":[3,3],"4":[3,2],"5":[5,3],"6":[4],"7":[2,6],"8":[5],"9":[2,5],"10":[2,2]},"_coverageSchema":"1a1c01bbd47fc00a2c39e90264f33305004495a9","hash":"08ffcfd8aa190ed4d0c6142dfa2e3fab073e3467"}
,"/home/abood/Project/LinkHub_/src/main/infrastructure/ipc/DownloadHandlers.js": {"path":"/home/abood/Project/LinkHub_/src/main/infrastructure/ipc/DownloadHandlers.js","statementMap":{"0":{"start":{"line":11,"column":8},"end":{"line":13,"column":9}},"1":{"start":{"line":12,"column":12},"end":{"line":12,"column":85}},"2":{"start":{"line":14,"column":8},"end":{"line":14,"column":58}},"3":{"start":{"line":18,"column":8},"end":{"line":20,"column":9}},"4":{"start":{"line":19,"column":12},"end":{"line":19,"column":63}},"5":{"start":{"line":22,"column":8},"end":{"line":25,"column":11}},"6":{"start":{"line":23,"column":12},"end":{"line":23,"column":57}},"7":{"start":{"line":23,"column":22},"end":{"line":23,"column":57}},"8":{"start":{"line":24,"column":12},"end":{"line":24,"column":63}},"9":{"start":{"line":27,"column":8},"end":{"line":30,"column":11}},"10":{"start":{"line":28,"column":12},"end":{"line":28,"column":84}},"11":{"start":{"line":28,"column":35},"end":{"line":28,"column":84}},"12":{"start":{"line":29,"column":12},"end":{"line":29,"column":94}},"13":{"start":{"line":33,"column":8},"end":{"line":36,"column":11}},"14":{"start":{"line":34,"column":12},"end":{"line":34,"column":57}},"15":{"start":{"line":34,"column":22},"end":{"line":34,"column":57}},"16":{"start":{"line":35,"column":12},"end":{"line":35,"column":64}},"17":{"start":{"line":38,"column":8},"end":{"line":41,"column":11}},"18":{"start":{"line":39,"column":12},"end":{"line":39,"column":57}},"19":{"start":{"line":39,"column":22},"end":{"line":39,"column":57}},"20":{"start":{"line":40,"column":12},"end":{"line":40,"column":63}},"21":{"start":{"line":44,"column":8},"end":{"line":46,"column":11}},"22":{"start":{"line":45,"column":12},"end":{"line":45,"column":67}},"23":{"start":{"line":50,"column":0},"end":{"line":50,"column":34}}},"fnMap":{"0":{"name":"(anonymous_0)","decl":{"start":{"line":10,"column":4},"end":{"line":10,"column":5}},"loc":{"start":{"line":10,"column":38},"end":{"line":15,"column":5}},"line":10},"1":{"name":"(anonymous_1)","decl":{"start":{"line":17,"column":4},"end":{"line":17,"column":5}},"loc":{"start":{"line":17,"column":22},"end":{"line":47,"column":5}},"line":17},"2":{"name":"(anonymous_2)","decl":{"start":{"line":22,"column":43},"end":{"line":22,"column":44}},"loc":{"start":{"line":22,"column":65},"end":{"line":25,"column":9}},"line":22},"3":{"name":"(anonymous_3)","decl":{"start":{"line":27,"column":41},"end":{"line":27,"column":42}},"loc":{"start":{"line":27,"column":104},"end":{"line":30,"column":9}},"line":27},"4":{"name":"(anonymous_4)","decl":{"start":{"line":33,"column":40},"end":{"line":33,"column":41}},"loc":{"start":{"line":33,"column":62},"end":{"line":36,"column":9}},"line":33},"5":{"name":"(anonymous_5)","decl":{"start":{"line":38,"column":44},"end":{"line":38,"column":45}},"loc":{"start":{"line":38,"column":66},"end":{"line":41,"column":9}},"line":38},"6":{"name":"(anonymous_6)","decl":{"start":{"line":44,"column":42},"end":{"line":44,"column":43}},"loc":{"start":{"line":44,"column":54},"end":{"line":46,"column":9}},"line":44}},"branchMap":{"0":{"loc":{"start":{"line":11,"column":8},"end":{"line":13,"column":9}},"type":"if","locations":[{"start":{"line":11,"column":8},"end":{"line":13,"column":9}},{"start":{},"end":{}}],"line":11},"1":{"loc":{"start":{"line":18,"column":8},"end":{"line":20,"column":9}},"type":"if","locations":[{"start":{"line":18,"column":8},"end":{"line":20,"column":9}},{"start":{},"end":{}}],"line":18},"2":{"loc":{"start":{"line":18,"column":12},"end":{"line":18,"column":60}},"type":"binary-expr","locations":[{"start":{"line":18,"column":12},"end":{"line":18,"column":20}},{"start":{"line":18,"column":24},"end":{"line":18,"column":60}}],"line":18},"3":{"loc":{"start":{"line":23,"column":12},"end":{"line":23,"column":57}},"type":"if","locations":[{"start":{"line":23,"column":12},"end":{"line":23,"column":57}},{"start":{},"end":{}}],"line":23},"4":{"loc":{"start":{"line":27,"column":70},"end":{"line":27,"column":85}},"type":"default-arg","locations":[{"start":{"line":27,"column":81},"end":{"line":27,"column":85}}],"line":27},"5":{"loc":{"start":{"line":27,"column":87},"end":{"line":27,"column":99}},"type":"default-arg","locations":[{"start":{"line":27,"column":97},"end":{"line":27,"column":99}}],"line":27},"6":{"loc":{"start":{"line":28,"column":12},"end":{"line":28,"column":84}},"type":"if","locations":[{"start":{"line":28,"column":12},"end":{"line":28,"column":84}},{"start":{},"end":{}}],"line":28},"7":{"loc":{"start":{"line":28,"column":16},"end":{"line":28,"column":33}},"type":"binary-expr","locations":[{"start":{"line":28,"column":16},"end":{"line":28,"column":20}},{"start":{"line":28,"column":24},"end":{"line":28,"column":33}}],"line":28},"8":{"loc":{"start":{"line":34,"column":12},"end":{"line":34,"column":57}},"type":"if","locations":[{"start":{"line":34,"column":12},"end":{"line":34,"column":57}},{"start":{},"end":{}}],"line":34},"9":{"loc":{"start":{"line":39,"column":12},"end":{"line":39,"column":57}},"type":"if","locations":[{"start":{"line":39,"column":12},"end":{"line":39,"column":57}},{"start":{},"end":{}}],"line":39}},"s":{"0":47,"1":2,"2":45,"3":41,"4":2,"5":39,"6":9,"7":3,"8":6,"9":39,"10":8,"11":3,"12":5,"13":39,"14":7,"15":3,"16":4,"17":39,"18":4,"19":2,"20":2,"21":39,"22":2,"23":3},"f":{"0":47,"1":41,"2":9,"3":8,"4":7,"5":4,"6":2},"b":{"0":[2,45],"1":[2,39],"2":[41,40],"3":[3,6],"4":[5],"5":[6],"6":[3,5],"7":[8,6],"8":[3,4],"9":[2,2]},"_coverageSchema":"1a1c01bbd47fc00a2c39e90264f33305004495a9","hash":"2423d359a1b5e2186cbf36606549a9237e7ebb95"}
,"/home/abood/Project/LinkHub_/src/main/infrastructure/ipc/index.js": {"path":"/home/abood/Project/LinkHub_/src/main/infrastructure/ipc/index.js","statementMap":{"0":{"start":{"line":3,"column":20},"end":{"line":3,"column":39}},"1":{"start":{"line":4,"column":23},"end":{"line":4,"column":50}},"2":{"start":{"line":5,"column":25},"end":{"line":5,"column":54}},"3":{"start":{"line":16,"column":4},"end":{"line":18,"column":5}},"4":{"start":{"line":17,"column":8},"end":{"line":17,"column":89}},"5":{"start":{"line":20,"column":27},"end":{"line":20,"column":65}},"6":{"start":{"line":21,"column":29},"end":{"line":21,"column":71}},"7":{"start":{"line":23,"column":4},"end":{"line":23,"column":37}},"8":{"start":{"line":24,"column":4},"end":{"line":24,"column":39}},"9":{"start":{"line":27,"column":0},"end":{"line":31,"column":2}}},"fnMap":{"0":{"name":"registerIpcHandlers","decl":{"start":{"line":15,"column":9},"end":{"line":15,"column":28}},"loc":{"start":{"line":15,"column":71},"end":{"line":25,"column":1}},"line":15}},"branchMap":{"0":{"loc":{"start":{"line":16,"column":4},"end":{"line":18,"column":5}},"type":"if","locations":[{"start":{"line":16,"column":4},"end":{"line":18,"column":5}},{"start":{},"end":{}}],"line":16},"1":{"loc":{"start":{"line":16,"column":8},"end":{"line":16,"column":52}},"type":"binary-expr","locations":[{"start":{"line":16,"column":8},"end":{"line":16,"column":27}},{"start":{"line":16,"column":31},"end":{"line":16,"column":52}}],"line":16}},"s":{"0":2,"1":2,"2":2,"3":23,"4":8,"5":15,"6":15,"7":15,"8":15,"9":2},"f":{"0":23},"b":{"0":[8,15],"1":[23,18]},"_coverageSchema":"1a1c01bbd47fc00a2c39e90264f33305004495a9","hash":"90863bdd46977ed7c5d167246506d31069953c70"}
}
