TN:
SF:src/main/infrastructure/ipc/DeviceHandlers.js
FN:15,(anonymous_0)
FN:25,(anonymous_1)
FN:31,(anonymous_2)
FN:36,(anonymous_3)
FN:44,(anonymous_4)
FN:52,(anonymous_5)
FN:60,(anonymous_6)
FN:68,(anonymous_7)
FNF:8
FNH:8
FNDA:50,(anonymous_0)
FNDA:44,(anonymous_1)
FNDA:5,(anonymous_2)
FNDA:6,(anonymous_3)
FNDA:5,(anonymous_4)
FNDA:8,(anonymous_5)
FNDA:7,(anonymous_6)
FNDA:4,(anonymous_7)
DA:16,50
DA:17,2
DA:19,48
DA:26,44
DA:27,2
DA:31,42
DA:32,5
DA:36,42
DA:37,6
DA:38,3
DA:40,3
DA:44,42
DA:45,5
DA:46,3
DA:48,2
DA:52,42
DA:53,8
DA:54,2
DA:56,6
DA:60,42
DA:61,7
DA:62,2
DA:64,5
DA:68,42
DA:69,4
DA:70,2
DA:72,2
DA:77,3
LF:28
LH:28
BRDA:16,0,0,2
BRDA:16,0,1,48
BRDA:26,1,0,2
BRDA:26,1,1,42
BRDA:26,2,0,44
BRDA:26,2,1,43
BRDA:37,3,0,3
BRDA:37,3,1,3
BRDA:45,4,0,3
BRDA:45,4,1,2
BRDA:45,5,0,5
BRDA:45,5,1,3
BRDA:52,6,0,4
BRDA:53,7,0,2
BRDA:53,7,1,6
BRDA:60,8,0,5
BRDA:61,9,0,2
BRDA:61,9,1,5
BRDA:69,10,0,2
BRDA:69,10,1,2
BRF:20
BRH:20
end_of_record
TN:
SF:src/main/infrastructure/ipc/DownloadHandlers.js
FN:10,(anonymous_0)
FN:17,(anonymous_1)
FN:22,(anonymous_2)
FN:27,(anonymous_3)
FN:33,(anonymous_4)
FN:38,(anonymous_5)
FN:44,(anonymous_6)
FNF:7
FNH:7
FNDA:47,(anonymous_0)
FNDA:41,(anonymous_1)
FNDA:9,(anonymous_2)
FNDA:8,(anonymous_3)
FNDA:7,(anonymous_4)
FNDA:4,(anonymous_5)
FNDA:2,(anonymous_6)
DA:11,47
DA:12,2
DA:14,45
DA:18,41
DA:19,2
DA:22,39
DA:23,9
DA:24,6
DA:27,39
DA:28,8
DA:29,5
DA:33,39
DA:34,7
DA:35,4
DA:38,39
DA:39,4
DA:40,2
DA:44,39
DA:45,2
DA:50,3
LF:20
LH:20
BRDA:11,0,0,2
BRDA:11,0,1,45
BRDA:18,1,0,2
BRDA:18,1,1,39
BRDA:18,2,0,41
BRDA:18,2,1,40
BRDA:23,3,0,3
BRDA:23,3,1,6
BRDA:27,4,0,5
BRDA:27,5,0,6
BRDA:28,6,0,3
BRDA:28,6,1,5
BRDA:28,7,0,8
BRDA:28,7,1,6
BRDA:34,8,0,3
BRDA:34,8,1,4
BRDA:39,9,0,2
BRDA:39,9,1,2
BRF:18
BRH:18
end_of_record
TN:
SF:src/main/infrastructure/ipc/index.js
FN:15,registerIpcHandlers
FNF:1
FNH:1
FNDA:23,registerIpcHandlers
DA:3,2
DA:4,2
DA:5,2
DA:16,23
DA:17,8
DA:20,15
DA:21,15
DA:23,15
DA:24,15
DA:27,2
LF:10
LH:10
BRDA:16,0,0,8
BRDA:16,0,1,15
BRDA:16,1,0,23
BRDA:16,1,1,18
BRF:4
BRH:4
end_of_record
